<?xml version="1.0" encoding="UTF-8"?>
<!-- Generated by org.testng.reporters.JUnitXMLReporter -->
<testsuite ignored="2" hostname="LTIN242681" failures="1" tests="20" name="Chrome" time="72.262" errors="0" timestamp="2024-02-22T15:01:39 IST">
  <testcase classname="testCases.TC1_CarLoan" name="btncarloan" time="0.28"/>
  <testcase classname="testCases.TC1_CarLoan" name="amthomeloan" time="0.836"/>
  <testcase classname="testCases.TC1_CarLoan" name="rateinterest" time="0.598"/>
  <testcase classname="testCases.TC1_CarLoan" name="tenureloan" time="0.529"/>
  <testcase classname="testCases.TC1_CarLoan" name="advanceemibtn" time="0.174"/>
  <testcase classname="testCases.TC1_CarLoan" name="tableyear" time="3.349"/>
  <testcase classname="testCases.TC1_CarLoan" name="amtp_int" time="2.527"/>
  <testcase classname="testCases.TC1_CarLoan" name="arrearsemi" time="0.272"/>
  <testcase classname="testCases.TC1_CarLoan" name="arrAmtp_int" time="3.78"/>
  <testcase classname="testCases.TC1_CarLoan" name="menuBar" time="0.349"/>
  <testcase classname="testCases.TC2_HomeEmiCalc" name="yearTable" time="3.083"/>
  <testcase classname="testCases.TC2_HomeEmiCalc" name="tableloan" time="25.895"/>
  <testcase classname="testCases.TC3_LoanCalc" name="calcLoan" time="2.695"/>
  <testcase classname="testCases.TC3_LoanCalc" name="emiBtn" time="0.224"/>
  <testcase classname="testCases.TC3_LoanCalc" name="amtLoan" time="1.224">
    <failure type="java.lang.AssertionError" message="expected [40,00,000] but found [55,00,000]">
      <![CDATA[java.lang.AssertionError: expected [40,00,000] but found [55,00,000]
at testCases.TC3_LoanCalc.amtLoan(TC3_LoanCalc.java:28)
at java.base/java.util.ArrayList.forEach(ArrayList.java:1511)
... Removed 33 stack frames]]>
    </failure>
  </testcase> <!-- amtLoan -->
  <testcase classname="testCases.TC3_LoanCalc" name="rInterest" time="0.588"/>
  <testcase classname="testCases.TC3_LoanCalc" name="yearLoanTenure" time="1.029"/>
  <testcase classname="testCases.TC3_LoanCalc" name="monthLoanTenure" time="0.882"/>
  <testcase classname="testCases.TC3_LoanCalc" name="amountLoan" time="2.708"/>
  <testcase classname="testCases.TC3_LoanCalc" name="tenureLoan" time="2.012"/>
  <testcase classname="testBase.BaseClass" name="@BeforeTest driverSetup" time="0.0">
    <ignored/>
  </testcase> <!-- @BeforeTest driverSetup -->
  <testcase classname="testBase.BaseClass" name="@BeforeTest driverSetup" time="0.0">
    <ignored/>
  </testcase> <!-- @BeforeTest driverSetup -->
</testsuite> <!-- Chrome -->
