<?xml version="1.0" encoding="UTF-8"?>
<!-- Generated by org.testng.reporters.JUnitXMLReporter -->
<testsuite ignored="2" hostname="LTIN242681" failures="2" tests="20" name="Firefox" time="182.246" errors="0" timestamp="2024-02-22T15:05:48 IST">
  <testcase classname="testCases.TC1_CarLoan" name="btncarloan" time="0.75"/>
  <testcase classname="testCases.TC1_CarLoan" name="amthomeloan" time="0.743"/>
  <testcase classname="testCases.TC1_CarLoan" name="rateinterest" time="0.587"/>
  <testcase classname="testCases.TC1_CarLoan" name="tenureloan" time="0.576"/>
  <testcase classname="testCases.TC1_CarLoan" name="advanceemibtn" time="0.48"/>
  <testcase classname="testCases.TC1_CarLoan" name="tableyear" time="3.325"/>
  <testcase classname="testCases.TC1_CarLoan" name="amtp_int" time="0.309"/>
  <testcase classname="testCases.TC1_CarLoan" name="arrearsemi" time="0.425"/>
  <testcase classname="testCases.TC1_CarLoan" name="arrAmtp_int" time="3.824"/>
  <testcase classname="testCases.TC1_CarLoan" name="menuBar" time="0.336"/>
  <testcase classname="testCases.TC2_HomeEmiCalc" name="yearTable" time="3.044"/>
  <testcase classname="testCases.TC2_HomeEmiCalc" name="tableloan" time="16.613"/>
  <testcase classname="testCases.TC3_LoanCalc" name="calcLoan" time="4.74"/>
  <testcase classname="testCases.TC3_LoanCalc" name="emiBtn" time="0.308"/>
  <testcase classname="testCases.TC3_LoanCalc" name="amtLoan" time="1.482">
    <failure type="java.lang.AssertionError" message="expected [40,00,000] but found [54,00,000]">
      <![CDATA[java.lang.AssertionError: expected [40,00,000] but found [54,00,000]
at testCases.TC3_LoanCalc.amtLoan(TC3_LoanCalc.java:28)
at java.base/java.util.ArrayList.forEach(ArrayList.java:1511)
... Removed 33 stack frames]]>
    </failure>
  </testcase> <!-- amtLoan -->
  <testcase classname="testCases.TC3_LoanCalc" name="rInterest" time="0.656"/>
  <testcase classname="testCases.TC3_LoanCalc" name="yearLoanTenure" time="0.959"/>
  <testcase classname="testCases.TC3_LoanCalc" name="monthLoanTenure" time="0.987"/>
  <testcase classname="testCases.TC3_LoanCalc" name="amountLoan" time="3.163"/>
  <testcase classname="testCases.TC3_LoanCalc" name="tenureLoan" time="1.547">
    <failure type="java.lang.AssertionError" message="expected [46,961.90] but found [26,500.00]">
      <![CDATA[java.lang.AssertionError: expected [46,961.90] but found [26,500.00]
at testCases.TC3_LoanCalc.tenureLoan(TC3_LoanCalc.java:65)
at java.base/java.util.ArrayList.forEach(ArrayList.java:1511)
... Removed 33 stack frames]]>
    </failure>
  </testcase> <!-- tenureLoan -->
  <testcase classname="testBase.BaseClass" name="@BeforeTest driverSetup" time="0.0">
    <ignored/>
  </testcase> <!-- @BeforeTest driverSetup -->
  <testcase classname="testBase.BaseClass" name="@BeforeTest driverSetup" time="0.0">
    <ignored/>
  </testcase> <!-- @BeforeTest driverSetup -->
</testsuite> <!-- Firefox -->
